<?xml version="1.0" encoding="UTF-8"?>
<!-- Generated by org.testng.reporters.JUnitXMLReporter -->
<testsuite ignored="0" hostname="DESKTOP-L24NCKJ" failures="1" tests="4" name="Test" time="6.159" errors="0" timestamp="2024-02-21T06:50:23 IST">
  <testcase classname="testng.listeners.SampleTest" name="failSample" time="0.036">
    <failure type="java.lang.AssertionError" message="expected [true] but found [false]">
      <![CDATA[java.lang.AssertionError: expected [true] but found [false]
at testng.listeners.SampleTest.failSample(SampleTest.java:20)
at java.base/java.util.ArrayList.forEach(ArrayList.java:1511)
... Removed 31 stack frames]]>
    </failure>
  </testcase> <!-- failSample -->
  <testcase classname="testng.listeners.SampleTest" name="sample" time="0.004"/>
  <testcase classname="testng.listeners.SampleTest" name="searchJava" time="5.194"/>
  <testcase classname="testng.listeners.SampleTest" name="skipSample" time="0.003">
    <skipped/>
  </testcase> <!-- skipSample -->
</testsuite> <!-- Test -->
